\BOOKMARK [0][]{section*.1}{List of Tables}{}% 1
\BOOKMARK [0][]{section*.2}{List of Figures}{}% 2
\BOOKMARK [0][]{section*.3}{List of Acronyms}{}% 3
\BOOKMARK [0][]{section*.5}{List of Abbreviations}{}% 4
\BOOKMARK [0][]{section*.7}{List of Symbols}{}% 5
\BOOKMARK [0][]{chapter.1}{1 Introduction}{}% 6
\BOOKMARK [1][]{section.1.1}{1.1 Using citations}{chapter.1}% 7
\BOOKMARK [2][]{subsection.1.1.1}{1.1.1 Cite command}{section.1.1}% 8
\BOOKMARK [2][]{subsection.1.1.2}{1.1.2 Citep command}{section.1.1}% 9
\BOOKMARK [2][]{subsection.1.1.3}{1.1.3 Citing multiple authors}{section.1.1}% 10
\BOOKMARK [1][]{section.1.2}{1.2 Including graphical figures}{chapter.1}% 11
\BOOKMARK [1][]{section.1.3}{1.3 Using tables}{chapter.1}% 12
\BOOKMARK [1][]{section.1.4}{1.4 Using lists}{chapter.1}% 13
\BOOKMARK [2][]{subsection.1.4.1}{1.4.1 List of objectives}{section.1.4}% 14
\BOOKMARK [2][]{subsection.1.4.2}{1.4.2 List of research questions}{section.1.4}% 15
\BOOKMARK [2][]{subsection.1.4.3}{1.4.3 Using a numbered list}{section.1.4}% 16
\BOOKMARK [2][]{subsection.1.4.4}{1.4.4 Using a bullet list}{section.1.4}% 17
\BOOKMARK [0][]{chapter.2}{2 Background concepts and terminology}{}% 18
\BOOKMARK [1][]{section.2.1}{2.1 Introduction}{chapter.2}% 19
\BOOKMARK [1][]{section.2.2}{2.2 First section}{chapter.2}% 20
\BOOKMARK [1][]{section.2.3}{2.3 Summary}{chapter.2}% 21
\BOOKMARK [0][]{chapter.3}{3 Literature Review}{}% 22
\BOOKMARK [1][]{section.3.1}{3.1 Introduction}{chapter.3}% 23
\BOOKMARK [1][]{section.3.2}{3.2 First section}{chapter.3}% 24
\BOOKMARK [1][]{section.3.3}{3.3 Summary}{chapter.3}% 25
\BOOKMARK [0][]{chapter.4}{4 Methodology}{}% 26
\BOOKMARK [1][]{section.4.1}{4.1 Introduction}{chapter.4}% 27
\BOOKMARK [1][]{section.4.2}{4.2 First section}{chapter.4}% 28
\BOOKMARK [1][]{section.4.3}{4.3 Summary}{chapter.4}% 29
\BOOKMARK [0][]{chapter.5}{5 Results}{}% 30
\BOOKMARK [1][]{section.5.1}{5.1 Introduction}{chapter.5}% 31
\BOOKMARK [1][]{section.5.2}{5.2 First section}{chapter.5}% 32
\BOOKMARK [1][]{section.5.3}{5.3 Summary}{chapter.5}% 33
\BOOKMARK [0][]{chapter.6}{6 Conclusion}{}% 34
\BOOKMARK [1][]{section.6.1}{6.1 Introduction}{chapter.6}% 35
\BOOKMARK [1][]{section.6.2}{6.2 First section}{chapter.6}% 36
\BOOKMARK [1][]{section.6.3}{6.3 Future work}{chapter.6}% 37
\BOOKMARK [1][]{section.6.4}{6.4 Conclusion}{chapter.6}% 38
\BOOKMARK [0][]{chapter*.12}{References}{}% 39
\BOOKMARK [0][]{appendix.A}{A What should go into an appendix }{}% 40
\BOOKMARK [1][]{section.A.1}{A.1 Introduction}{appendix.A}% 41
\BOOKMARK [0][]{appendix.B}{B Abstracts from Publications Emanating from this Study }{}% 42
\BOOKMARK [1][]{section.B.1}{B.1 Peer-reviewed journals}{appendix.B}% 43
\BOOKMARK [1][]{section.B.2}{B.2 Conference papers}{appendix.B}% 44
\BOOKMARK [1][]{section.B.3}{B.3 Talks and presentations}{appendix.B}% 45
\BOOKMARK [0][]{appendix.C}{C Code listings}{}% 46
\BOOKMARK [1][]{section.C.1}{C.1 Java main\(\)}{appendix.C}% 47
\BOOKMARK [1][]{section.C.2}{C.2 Python function}{appendix.C}% 48
